Drift Detected - Password Policy drift detected. Auto-remediation starting.
Drift Detected - Password Policy drift detected. Auto-remediation starting.
Remediation Success - Password Policy fixed successfully.
Drift Detected - Unauthorized Admin Users drift detected. Auto-remediation starting.
Drift Detected - Password Policy drift detected. Auto-remediation starting.
Remediation Success - Password Policy fixed successfully.
Drift Detected - Unauthorized Admin Users drift detected. Auto-remediation starting.
Remediation Success - Unauthorized Admin Users fixed successfully.
Drift Detected - Password Policy drift detected. Auto-remediation starting.
Remediation Success - Password Policy fixed successfully.
Drift Detected - Unauthorized Admin Users drift detected. Auto-remediation starting.
Remediation Success - Unauthorized Admin Users fixed successfully.
Drift Detected - Password Policy drift detected. Auto-remediation starting.
Remediation Success - Password Policy fixed successfully.
Drift Detected - Unauthorized Admin Users drift detected. Auto-remediation starting.
Remediation Success - Unauthorized Admin Users fixed successfully.
Drift Detected - Password Policy drift detected. Auto-remediation starting.
Remediation Success - Password Policy fixed successfully.
Drift Detected - Unauthorized Admin Users drift detected. Auto-remediation starting.
Remediation Failed - Unauthorized Admin Users failed. Rollback triggered.
Drift Detected - Unauthorized Admin Users drift detected. Auto-remediation starting.
Remediation Failed - Unauthorized Admin Users failed. Rollback triggered.
Drift Detected - Password Policy drift detected. Auto-remediation starting.
Drift Detected - Password Policy drift detected. Auto-remediation starting.
Remediation Success - Password Policy fixed successfully.
Drift Detected - Unauthorized Admin Users drift detected. Auto-remediation starting.
Remediation Failed - Unauthorized Admin Users failed. Rollback triggered.
Drift Detected - Password Policy drift detected. Auto-remediation starting.
Remediation Failed - Password Policy failed. Rollback triggered.
Drift Detected - Password Policy drift detected. Auto-remediation starting.
Remediation Failed - Password Policy failed. Rollback triggered.
Drift Detected - Password Policy drift detected. Auto-remediation starting.
Remediation Success - Password Policy fixed successfully.
Drift Detected - Unauthorized Admin Users drift detected. Auto-remediation starting.
Remediation Failed - Unauthorized Admin Users failed. Rollback triggered.
Drift Detected - Password Policy drift detected. Auto-remediation starting.
Remediation Success - Password Policy fixed successfully.
Drift Detected - Unauthorized Admin Users drift detected. Auto-remediation starting.
Remediation Failed - Unauthorized Admin Users failed. Rollback triggered.
Drift Detected - Password Policy drift detected. Auto-remediation starting.
Remediation Success - Password Policy fixed successfully.
Drift Detected - Unauthorized Admin Users drift detected. Auto-remediation starting.
Remediation Failed - Unauthorized Admin Users failed. Rollback triggered.
Drift Detected - Password Policy drift detected. Auto-remediation starting.
Remediation Success - Password Policy fixed successfully.
Drift Detected - Unauthorized Admin Users drift detected. Auto-remediation starting.
Remediation Failed - Unauthorized Admin Users failed. Rollback triggered.
Drift Detected - Password Policy drift detected. Auto-remediation starting.
Remediation Success - Password Policy fixed successfully.
Drift Detected - Unauthorized Admin Users drift detected. Auto-remediation starting.
Remediation Failed - Unauthorized Admin Users failed. Rollback triggered.
Drift Detected - Password Policy drift detected. Auto-remediation starting.
Remediation Success - Password Policy fixed successfully.
Drift Detected - Unauthorized Admin Users drift detected. Auto-remediation starting.
Remediation Failed - Unauthorized Admin Users failed. Rollback triggered.
Drift Detected - Password Policy drift detected. Auto-remediation starting.
Remediation Success - Password Policy fixed successfully.
Drift Detected - Unauthorized Admin Users drift detected. Auto-remediation starting.
Remediation Failed - Unauthorized Admin Users failed. Rollback triggered.
Drift Detected - Password Policy drift detected. Auto-remediation starting.
Drift Detected - Unauthorized Admin Users drift detected. Auto-remediation starting.
Remediation Success - Password Policy fixed successfully.
Remediation Failed - Unauthorized Admin Users failed. Rollback triggered.
Drift Detected - Password Policy drift detected. Auto-remediation starting.
Remediation Success - Password Policy fixed successfully.
Drift Detected - Unauthorized Admin Users drift detected. Auto-remediation starting.
Remediation Failed - Unauthorized Admin Users failed. Rollback triggered.
Drift Detected - Password Policy drift detected. Auto-remediation starting.
Remediation Success - Password Policy fixed successfully.
Drift Detected - Unauthorized Admin Users drift detected. Auto-remediation starting.
Remediation Failed - Unauthorized Admin Users failed. Rollback triggered.
Drift Detected - Unauthorized Admin Users drift detected. Auto-remediation starting.
Remediation Failed - Unauthorized Admin Users failed. Rollback triggered.
Drift Detected - Password Policy drift detected. Auto-remediation starting.
Remediation Success - Password Policy fixed successfully.
Drift Detected - Password Policy drift detected. Auto-remediation starting.
Drift Detected - Unauthorized Admin Users drift detected. Auto-remediation starting.
Remediation Success - Password Policy fixed successfully.
Drift Detected - Password Policy drift detected. Auto-remediation starting.
Remediation Success - Password Policy fixed successfully.
Drift Detected - Password Policy drift detected. Auto-remediation starting.
Remediation Success - Password Policy fixed successfully.
Drift Detected - Unauthorized Admin Users drift detected. Auto-remediation starting.
Drift Detected - Unauthorized Admin Users drift detected. Auto-remediation starting.
Remediation Failed - Unauthorized Admin Users failed. Rollback triggered.
Remediation Failed - Unauthorized Admin Users failed. Rollback triggered.
Drift Detected - Password Policy drift detected. Auto-remediation starting.
Remediation Success - Password Policy fixed successfully.
Drift Detected - Password Policy drift detected. Auto-remediation starting.
Drift Detected - Password Policy drift detected. Auto-remediation starting.
Remediation Success - Password Policy fixed successfully.
Drift Detected - Unauthorized Admin Users drift detected. Auto-remediation starting.
Remediation Failed - Unauthorized Admin Users failed. Rollback triggered.
Drift Detected - Password Policy drift detected. Auto-remediation starting.
Remediation Success - Password Policy fixed successfully.
Drift Detected - Unauthorized Admin Users drift detected. Auto-remediation starting.
Remediation Failed - Unauthorized Admin Users failed. Rollback triggered.
Drift Detected - Password Policy drift detected. Auto-remediation starting.
Remediation Success - Password Policy fixed successfully.
Drift Detected - Unauthorized Admin Users drift detected. Auto-remediation starting.
Remediation Failed - Unauthorized Admin Users failed. Rollback triggered.
Drift Detected - Password Policy drift detected. Auto-remediation starting.
Remediation Success - Password Policy fixed successfully.
Drift Detected - Unauthorized Admin Users drift detected. Auto-remediation starting.
Remediation Failed - Unauthorized Admin Users failed. Rollback triggered.
Drift Detected - Password Policy drift detected. Auto-remediation starting.
Remediation Success - Password Policy fixed successfully.
Drift Detected - Unauthorized Admin Users drift detected. Auto-remediation starting.
Remediation Failed - Unauthorized Admin Users failed. Rollback triggered.
Drift Detected - Password Policy drift detected. Auto-remediation starting.
Remediation Success - Password Policy fixed successfully.
Drift Detected - Unauthorized Admin Users drift detected. Auto-remediation starting.
Remediation Failed - Unauthorized Admin Users failed. Rollback triggered.
Drift Detected - Password Policy drift detected. Auto-remediation starting.
Remediation Success - Password Policy fixed successfully.
Drift Detected - Unauthorized Admin Users drift detected. Auto-remediation starting.
Remediation Failed - Unauthorized Admin Users failed. Rollback triggered.
Drift Detected - Password Policy drift detected. Auto-remediation starting.
Remediation Success - Password Policy fixed successfully.
Drift Detected - Unauthorized Admin Users drift detected. Auto-remediation starting.
Remediation Failed - Unauthorized Admin Users failed. Rollback triggered.
Drift Detected - Password Policy drift detected. Auto-remediation starting.
Remediation Success - Password Policy fixed successfully.
Drift Detected - Unauthorized Admin Users drift detected. Auto-remediation starting.
Remediation Failed - Unauthorized Admin Users failed. Rollback triggered.
Drift Detected - Password Policy drift detected. Auto-remediation starting.
Remediation Success - Password Policy fixed successfully.
Drift Detected - Windows Firewall drift detected. Auto-remediation starting.
Remediation Success - Windows Firewall fixed successfully.
Drift Detected - Unauthorized Admin Users drift detected. Auto-remediation starting.
Remediation Failed - Unauthorized Admin Users failed. Rollback triggered.
Drift Detected - Password Policy drift detected. Auto-remediation starting.
Remediation Success - Password Policy fixed successfully.
Drift Detected - Windows Firewall drift detected. Auto-remediation starting.
Remediation Success - Windows Firewall fixed successfully.
Drift Detected - Unauthorized Admin Users drift detected. Auto-remediation starting.
Remediation Failed - Unauthorized Admin Users failed. Rollback triggered.
Drift Detected - Password Policy drift detected. Auto-remediation starting.
Remediation Success - Password Policy fixed successfully.
Drift Detected - Unauthorized Admin Users drift detected. Auto-remediation starting.
Remediation Failed - Unauthorized Admin Users failed. Rollback triggered.
Drift Detected - Password Policy drift detected. Auto-remediation starting.
Remediation Success - Password Policy fixed successfully.
Drift Detected - Unauthorized Admin Users drift detected. Auto-remediation starting.
Remediation Failed - Unauthorized Admin Users failed. Rollback triggered.
Drift Detected - Password Policy drift detected. Auto-remediation starting.
Remediation Success - Password Policy fixed successfully.
Drift Detected - Unauthorized Admin Users drift detected. Auto-remediation starting.
Remediation Failed - Unauthorized Admin Users failed. Rollback triggered.
Drift Detected - Password Policy drift detected. Auto-remediation starting.
Remediation Success - Password Policy fixed successfully.
Drift Detected - Unauthorized Admin Users drift detected. Auto-remediation starting.
Remediation Failed - Unauthorized Admin Users failed. Rollback triggered.
Drift Detected - Password Policy drift detected. Auto-remediation starting.
Remediation Success - Password Policy fixed successfully.
Drift Detected - Unauthorized Admin Users drift detected. Auto-remediation starting.
Remediation Failed - Unauthorized Admin Users failed. Rollback triggered.
Drift Detected - Password Policy drift detected. Auto-remediation starting.
Remediation Success - Password Policy fixed successfully.
Drift Detected - Unauthorized Admin Users drift detected. Auto-remediation starting.
Remediation Failed - Unauthorized Admin Users failed. Rollback triggered.
Drift Detected - Password Policy drift detected. Auto-remediation starting.
Remediation Success - Password Policy fixed successfully.
Drift Detected - Unauthorized Admin Users drift detected. Auto-remediation starting.
Drift Detected - Password Policy drift detected. Auto-remediation starting.
Remediation Success - Password Policy fixed successfully.
Drift Detected - Unauthorized Admin Users drift detected. Auto-remediation starting.
Drift Detected - Password Policy drift detected. Auto-remediation starting.
Remediation Success - Password Policy fixed successfully.
Drift Detected - Unauthorized Admin Users drift detected. Auto-remediation starting.
Drift Detected - Password Policy drift detected. Auto-remediation starting.
Remediation Success - Password Policy fixed successfully.
Drift Detected - Unauthorized Admin Users drift detected. Auto-remediation starting.
Drift Detected - Password Policy drift detected. Auto-remediation starting.
Remediation Success - Password Policy fixed successfully.
Drift Detected - Unauthorized Admin Users drift detected. Auto-remediation starting.
Drift Detected - Password Policy drift detected. Auto-remediation starting.
Remediation Success - Password Policy fixed successfully.
Drift Detected - Unauthorized Admin Users drift detected. Auto-remediation starting.
Drift Detected - Password Policy drift detected. Auto-remediation starting.
Remediation Success - Password Policy fixed successfully.
Drift Detected - Unauthorized Admin Users drift detected. Auto-remediation starting.
Drift Detected - Critical Services drift detected. Auto-remediation starting.
Remediation Failed - Critical Services failed. Rollback triggered.
Drift Detected - Password Policy drift detected. Auto-remediation starting.
Remediation Success - Password Policy fixed successfully.
Drift Detected - Unauthorized Admin Users drift detected. Auto-remediation starting.
Drift Detected - Critical Services drift detected. Auto-remediation starting.
Remediation Failed - Critical Services failed. Rollback triggered.
Drift Detected - Password Policy drift detected. Auto-remediation starting.
Remediation Success - Password Policy fixed successfully.
Drift Detected - Unauthorized Admin Users drift detected. Auto-remediation starting.
Drift Detected - Critical Services drift detected. Auto-remediation starting.
Remediation Success - Critical Services fixed successfully.
Drift Detected - Password Policy drift detected. Auto-remediation starting.
Remediation Success - Password Policy fixed successfully.
Drift Detected - Unauthorized Admin Users drift detected. Auto-remediation starting.
Drift Detected - Critical Services drift detected. Auto-remediation starting.
Remediation Failed - Critical Services failed. Rollback triggered.
Drift Detected - Password Policy drift detected. Auto-remediation starting.
Drift Alert - Detected Drifts:

- Password Policy
- Unauthorized Admin Users
- Critical Services

Drift Alert - Detected Drifts:

- Password Policy
- Unauthorized Admin Users
- Critical Services

Remediation Success - Password Policy fixed successfully.
Drift Detected - Unauthorized Admin Users drift detected. Auto-remediation starting.
Drift Detected - Critical Services drift detected. Auto-remediation starting.
Remediation Success - Critical Services fixed successfully.
Drift Detected - Password Policy drift detected. Auto-remediation starting.
Drift Alert - Detected Drifts:

- Password Policy
- Unauthorized Admin Users

Drift Alert - Detected Drifts:

- Password Policy
- Unauthorized Admin Users

Remediation Failed - Password Policy failed. Rollback triggered.
Drift Alert - Detected Drifts:

- Password Policy
- Unauthorized Admin Users

Drift Alert - Detected Drifts:

- Password Policy
- Windows Firewall
- Unauthorized Admin Users
- Critical Services

Drift Alert - Detected Drifts:

- Password Policy
- Windows Firewall
- Unauthorized Admin Users
- Critical Services

Drift Alert - Detected Drifts:

- Password Policy
- Windows Firewall
- Unauthorized Admin Users
- Critical Services

Drift Alert - Detected Drifts:

- Password Policy
- Windows Firewall
- Unauthorized Admin Users
- Critical Services

Drift Alert - Detected Drifts:

- Password Policy
- Windows Firewall
- Unauthorized Admin Users
- Critical Services

Drift Alert - Detected Drifts:

- Password Policy
- Windows Firewall
- Unauthorized Admin Users
- Critical Services

Drift Alert - Detected Drifts:

- Password Policy
- Windows Firewall
- Unauthorized Admin Users
- Critical Services

Drift Detected - Password Policy drift detected. Auto-remediation starting.
Remediation Failed - Password Policy failed. Rollback triggered.
Drift Alert - Detected Drifts:

- Password Policy
- Windows Firewall
- Unauthorized Admin Users
- Critical Services

Drift Alert - Detected Drifts:

- Password Policy
- Windows Firewall
- Unauthorized Admin Users
- Critical Services

Drift Detected - Windows Firewall drift detected. Auto-remediation starting.
Drift Alert - Detected Drifts:

- Password Policy
- Windows Firewall
- Unauthorized Admin Users
- Critical Services

Remediation Failed - Windows Firewall failed. Rollback triggered.
Drift Detected - Password Policy drift detected. Auto-remediation starting.
Drift Alert - Detected Drifts:

- Password Policy
- Windows Firewall
- Unauthorized Admin Users
- Critical Services

Remediation Success - Password Policy fixed successfully.
Drift Alert - Detected Drifts:

- Password Policy
- Windows Firewall
- Unauthorized Admin Users
- Critical Services

Drift Detected - Windows Firewall drift detected. Auto-remediation starting.
Remediation Success - Windows Firewall fixed successfully.
Drift Detected - Unauthorized Admin Users drift detected. Auto-remediation starting.
Drift Detected - Critical Services drift detected. Auto-remediation starting.
Remediation Success - Critical Services fixed successfully.
Drift Detected - Password Policy drift detected. Auto-remediation starting.
Remediation Success - Password Policy fixed successfully.
Drift Detected - Windows Firewall drift detected. Auto-remediation starting.
Remediation Success - Windows Firewall fixed successfully.
Drift Detected - Unauthorized Admin Users drift detected. Auto-remediation starting.
Drift Detected - Critical Services drift detected. Auto-remediation starting.
Remediation Failed - Critical Services failed. Rollback triggered.
Drift Detected - Password Policy drift detected. Auto-remediation starting.
Drift Alert - Detected Drifts:

- Password Policy
- Windows Firewall
- Unauthorized Admin Users
- Critical Services

Drift Alert - Detected Drifts:

- Password Policy
- Windows Firewall
- Unauthorized Admin Users
- Critical Services

Remediation Success - Password Policy fixed successfully.
Drift Alert - Detected Drifts:

- Password Policy
- Windows Firewall
- Unauthorized Admin Users
- Critical Services

Drift Alert - Detected Drifts:

- Password Policy
- Windows Firewall
- Unauthorized Admin Users
- Critical Services

Drift Detected - Windows Firewall drift detected. Auto-remediation starting.
Drift Alert - Detected Drifts:

- Password Policy
- Windows Firewall
- Unauthorized Admin Users
- Critical Services

Remediation Success - Windows Firewall fixed successfully.
Drift Detected - Unauthorized Admin Users drift detected. Auto-remediation starting.
Drift Detected - Critical Services drift detected. Auto-remediation starting.
Remediation Success - Critical Services fixed successfully.
Drift Detected - Password Policy drift detected. Auto-remediation starting.
Remediation Success - Password Policy fixed successfully.
Drift Detected - Windows Firewall drift detected. Auto-remediation starting.
Remediation Success - Windows Firewall fixed successfully.
Drift Detected - Unauthorized Admin Users drift detected. Auto-remediation starting.
Drift Detected - Critical Services drift detected. Auto-remediation starting.
Remediation Failed - Critical Services failed. Rollback triggered.
Drift Detected - Password Policy drift detected. Auto-remediation starting.
Remediation Success - Password Policy fixed successfully.
Drift Detected - Windows Firewall drift detected. Auto-remediation starting.
Remediation Success - Windows Firewall fixed successfully.
Drift Detected - Password Policy drift detected. Auto-remediation starting.
Drift Alert - Detected Drifts:

- Password Policy
- Unauthorized Admin Users
- Critical Services

Drift Alert - Detected Drifts:

- Password Policy
- Unauthorized Admin Users
- Critical Services

Remediation Success - Password Policy fixed successfully.
Drift Detected - Unauthorized Admin Users drift detected. Auto-remediation starting.
Drift Detected - Critical Services drift detected. Auto-remediation starting.
Remediation Success - Critical Services fixed successfully.
Drift Detected - Password Policy drift detected. Auto-remediation starting.
Remediation Success - Password Policy fixed successfully.
Drift Detected - Unauthorized Admin Users drift detected. Auto-remediation starting.
Drift Detected - Critical Services drift detected. Auto-remediation starting.
Remediation Failed - Critical Services failed. Rollback triggered.
